2024-02-04T05:18:10+00:00 CRITICAL Cannot redeclare currency_exchange_settings_menu() (previously declared in C:\xampp\htdocs\EgCurrency\wp-content\plugins\currency-exchange-board-\currency-exchange-board - with flag.php:11) in C:\xampp\htdocs\EgCurrency\wp-content\plugins\index-v2\index v2.php on line 16

2024-02-04T06:20:07+00:00 CRITICAL Cannot redeclare currency_exchange_settings_menu() (previously declared in C:\xampp\htdocs\EgCurrency\wp-content\plugins\index-v2\index v2.php:11) in C:\xampp\htdocs\EgCurrency\wp-content\plugins\Gold\Gold.php on line 16

2024-02-04T06:20:34+00:00 CRITICAL Cannot redeclare currency_exchange_settings_menu() (previously declared in C:\xampp\htdocs\EgCurrency\wp-content\plugins\index-v2\index v2.php:11) in C:\xampp\htdocs\EgCurrency\wp-content\plugins\Gold\Gold.php on line 16

2024-02-04T09:02:47+00:00 CRITICAL Uncaught TypeError: Unsupported operand types: int / string in C:\xampp\htdocs\EgCurrency\wp-content\plugins\currency-exchange-board\currency-exchange-board - with flag.php:49
Stack trace:
#0 C:\xampp\htdocs\EgCurrency\wp-content\plugins\currency-exchange-board\currency-exchange-board - with flag.php(64): display_currency_bank_exchange_board()
#1 C:\xampp\htdocs\EgCurrency\wp-includes\shortcodes.php(433): currency_bank_exchange_shortcode('', '', 'currency_exchan...')
#2 [internal function]: do_shortcode_tag(Array)
#3 C:\xampp\htdocs\EgCurrency\wp-includes\shortcodes.php(273): preg_replace_callback('/\\[(\\[?)(curren...', 'do_shortcode_ta...', '[currency_excha...')
#4 C:\xampp\htdocs\EgCurrency\wp-content\plugins\elementor\includes\widgets\shortcode.php(133): do_shortcode('[currency_excha...')
#5 C:\xampp\htdocs\EgCurrency\wp-content\plugins\elementor\includes\base\controls-stack.php(2297): Elementor\Widget_Shortcode->render()
#6 C:\xampp\htdocs\EgCurrency\wp-content\plugins\elementor\includes\base\widget-base.php(614): Elementor\Controls_Stack->render_by_mode()
#7 C:\xampp\htdocs\EgCurrency\wp-content\plugins\elementor\includes\base\widget-base.php(755): Elementor\Widget_Base->render_content()
#8 C:\xampp\htdocs\EgCurrency\wp-content\plugins\elementor\includes\base\element-base.php(464): Elementor\Widget_Base->print_content()
#9 C:\xampp\htdocs\EgCurrency\wp-content\plugins\elementor\includes\base\element-base.php(1372): Elementor\Element_Base->print_element()
#10 C:\xampp\htdocs\EgCurrency\wp-content\plugins\elementor\includes\base\element-base.php(464): Elementor\Element_Base->print_content()
#11 C:\xampp\htdocs\EgCurrency\wp-content\plugins\elementor\includes\base\element-base.php(1372): Elementor\Element_Base->print_element()
#12 C:\xampp\htdocs\EgCurrency\wp-content\plugins\elementor\includes\base\element-base.php(464): Elementor\Element_Base->print_content()
#13 C:\xampp\htdocs\EgCurrency\wp-content\plugins\elementor\core\base\document.php(1740): Elementor\Element_Base->print_element()
#14 C:\xampp\htdocs\EgCurrency\wp-content\plugins\elementor\core\base\document.php(1139): Elementor\Core\Base\Document->print_elements(Array)
#15 C:\xampp\htdocs\EgCurrency\wp-content\plugins\elementor\includes\frontend.php(1165): Elementor\Core\Base\Document->print_elements_with_wrapper(Array)
#16 C:\xampp\htdocs\EgCurrency\wp-content\plugins\elementor-pro\modules\posts\skins\skin-content-base.php(271): Elementor\Frontend->get_builder_content(14671, false)
#17 C:\xampp\htdocs\EgCurrency\wp-content\plugins\elementor-pro\modules\theme-builder\widgets\post-content.php(111): ElementorPro\Modules\ThemeBuilder\Widgets\Post_Content->render_post_content(false, false)
#18 C:\xampp\htdocs\EgCurrency\wp-content\plugins\elementor\includes\base\controls-stack.php(2297): ElementorPro\Modules\ThemeBuilder\Widgets\Post_Content->render()
#19 C:\xampp\htdocs\EgCurrency\wp-content\plugins\elementor\includes\base\widget-base.php(614): Elementor\Controls_Stack->render_by_mode()
#20 C:\xampp\htdocs\EgCurrency\wp-content\plugins\elementor\includes\base\widget-base.php(755): Elementor\Widget_Base->render_content()
#21 C:\xampp\htdocs\EgCurrency\wp-content\plugins\elementor\includes\base\element-base.php(464): Elementor\Widget_Base->print_content()
#22 C:\xampp\htdocs\EgCurrency\wp-content\plugins\elementor\includes\base\element-base.php(1372): Elementor\Element_Base->print_element()
#23 C:\xampp\htdocs\EgCurrency\wp-content\plugins\elementor\includes\base\element-base.php(464): Elementor\Element_Base->print_content()
#24 C:\xampp\htdocs\EgCurrency\wp-content\plugins\elementor\includes\base\element-base.php(1372): Elementor\Element_Base->print_element()
#25 C:\xampp\htdocs\EgCurrency\wp-content\plugins\elementor\includes\base\element-base.php(464): Elementor\Element_Base->print_content()
#26 C:\xampp\htdocs\EgCurrency\wp-content\plugins\elementor\core\base\document.php(1740): Elementor\Element_Base->print_element()
#27 C:\xampp\htdocs\EgCurrency\wp-content\plugins\elementor-pro\modules\theme-builder\documents\theme-document.php(414): Elementor\Core\Base\Document->print_elements(Array)
#28 C:\xampp\htdocs\EgCurrency\wp-content\plugins\elementor\includes\frontend.php(1165): ElementorPro\Modules\ThemeBuilder\Documents\Theme_Document->print_elements_with_wrapper(Array)
#29 C:\xampp\htdocs\EgCurrency\wp-content\plugins\elementor\core\base\document.php(1184): Elementor\Frontend->get_builder_content(5343, false)
#30 C:\xampp\htdocs\EgCurrency\wp-content\plugins\elementor\modules\library\documents\library-document.php(76): Elementor\Core\Base\Document->get_content(false)
#31 C:\xampp\htdocs\EgCurrency\wp-content\plugins\elementor-pro\modules\theme-builder\documents\theme-document.php(158): Elementor\Modules\Library\Documents\Library_Document->get_content(false)
#32 C:\xampp\htdocs\EgCurrency\wp-content\plugins\elementor-pro\modules\theme-builder\documents\theme-document.php(173): ElementorPro\Modules\ThemeBuilder\Documents\Theme_Document->get_content()
#33 C:\xampp\htdocs\EgCurrency\wp-content\plugins\elementor-pro\modules\theme-builder\documents\single-base.php(93): ElementorPro\Modules\ThemeBuilder\Documents\Theme_Document->print_content()
#34 C:\xampp\htdocs\EgCurrency\wp-content\plugins\elementor-pro\modules\theme-builder\classes\locations-manager.php(364): ElementorPro\Modules\ThemeBuilder\Documents\Single_Base->print_content()
#35 C:\xampp\htdocs\EgCurrency\wp-content\plugins\elementor-pro\modules\theme-builder\classes\locations-manager.php(240): ElementorPro\Modules\ThemeBuilder\Classes\Locations_Manager->do_location('single')
#36 [internal function]: ElementorPro\Modules\ThemeBuilder\Classes\Locations_Manager->ElementorPro\Modules\ThemeBuilder\Classes\{closure}()
#37 C:\xampp\htdocs\EgCurrency\wp-content\plugins\elementor\modules\page-templates\module.php(207): call_user_func(Object(Closure))
#38 C:\xampp\htdocs\EgCurrency\wp-content\themes\dt-the7\inc\mods\compatibility\elementor\page-templates\elementor-page.php(27): Elementor\Modules\PageTemplates\Module->print_content()
#39 C:\xampp\htdocs\EgCurrency\wp-includes\template-loader.php(106): include('C:\\xampp\\htdocs...')
#40 C:\xampp\htdocs\EgCurrency\wp-blog-header.php(19): require_once('C:\\xampp\\htdocs...')
#41 C:\xampp\htdocs\EgCurrency\index.php(17): require('C:\\xampp\\htdocs...')
#42 {main}
  thrown in C:\xampp\htdocs\EgCurrency\wp-content\plugins\currency-exchange-board\currency-exchange-board - with flag.php on line 49

2024-02-04T09:53:16+00:00 CRITICAL Uncaught TypeError: Illegal offset type in isset or empty in C:\xampp\htdocs\EgCurrency\wp-content\plugins\currency-exchange-board\currency-exchange-board - with flag.php:127
Stack trace:
#0 C:\xampp\htdocs\EgCurrency\wp-includes\shortcodes.php(433): display_currency_bank_exchange_board('', '', 'currency_bank_e...')
#1 [internal function]: do_shortcode_tag(Array)
#2 C:\xampp\htdocs\EgCurrency\wp-includes\shortcodes.php(273): preg_replace_callback('/\\[(\\[?)(curren...', 'do_shortcode_ta...', '[currency_bank_...')
#3 C:\xampp\htdocs\EgCurrency\wp-content\plugins\elementor\includes\widgets\shortcode.php(133): do_shortcode('[currency_bank_...')
#4 C:\xampp\htdocs\EgCurrency\wp-content\plugins\elementor\includes\base\controls-stack.php(2297): Elementor\Widget_Shortcode->render()
#5 C:\xampp\htdocs\EgCurrency\wp-content\plugins\elementor\includes\base\widget-base.php(614): Elementor\Controls_Stack->render_by_mode()
#6 C:\xampp\htdocs\EgCurrency\wp-content\plugins\elementor\includes\base\widget-base.php(755): Elementor\Widget_Base->render_content()
#7 C:\xampp\htdocs\EgCurrency\wp-content\plugins\elementor\includes\base\element-base.php(464): Elementor\Widget_Base->print_content()
#8 C:\xampp\htdocs\EgCurrency\wp-content\plugins\elementor\includes\base\element-base.php(1372): Elementor\Element_Base->print_element()
#9 C:\xampp\htdocs\EgCurrency\wp-content\plugins\elementor\includes\base\element-base.php(464): Elementor\Element_Base->print_content()
#10 C:\xampp\htdocs\EgCurrency\wp-content\plugins\elementor\includes\base\element-base.php(1372): Elementor\Element_Base->print_element()
#11 C:\xampp\htdocs\EgCurrency\wp-content\plugins\elementor\includes\base\element-base.php(464): Elementor\Element_Base->print_content()
#12 C:\xampp\htdocs\EgCurrency\wp-content\plugins\elementor\core\base\document.php(1740): Elementor\Element_Base->print_element()
#13 C:\xampp\htdocs\EgCurrency\wp-content\plugins\elementor\core\base\document.php(1139): Elementor\Core\Base\Document->print_elements(Array)
#14 C:\xampp\htdocs\EgCurrency\wp-content\plugins\elementor\includes\frontend.php(1165): Elementor\Core\Base\Document->print_elements_with_wrapper(Array)
#15 C:\xampp\htdocs\EgCurrency\wp-content\plugins\elementor-pro\modules\posts\skins\skin-content-base.php(271): Elementor\Frontend->get_builder_content(14671, false)
#16 C:\xampp\htdocs\EgCurrency\wp-content\plugins\elementor-pro\modules\theme-builder\widgets\post-content.php(111): ElementorPro\Modules\ThemeBuilder\Widgets\Post_Content->render_post_content(false, false)
#17 C:\xampp\htdocs\EgCurrency\wp-content\plugins\elementor\includes\base\controls-stack.php(2297): ElementorPro\Modules\ThemeBuilder\Widgets\Post_Content->render()
#18 C:\xampp\htdocs\EgCurrency\wp-content\plugins\elementor\includes\base\widget-base.php(614): Elementor\Controls_Stack->render_by_mode()
#19 C:\xampp\htdocs\EgCurrency\wp-content\plugins\elementor\includes\base\widget-base.php(755): Elementor\Widget_Base->render_content()
#20 C:\xampp\htdocs\EgCurrency\wp-content\plugins\elementor\includes\base\element-base.php(464): Elementor\Widget_Base->print_content()
#21 C:\xampp\htdocs\EgCurrency\wp-content\plugins\elementor\includes\base\element-base.php(1372): Elementor\Element_Base->print_element()
#22 C:\xampp\htdocs\EgCurrency\wp-content\plugins\elementor\includes\base\element-base.php(464): Elementor\Element_Base->print_content()
#23 C:\xampp\htdocs\EgCurrency\wp-content\plugins\elementor\includes\base\element-base.php(1372): Elementor\Element_Base->print_element()
#24 C:\xampp\htdocs\EgCurrency\wp-content\plugins\elementor\includes\base\element-base.php(464): Elementor\Element_Base->print_content()
#25 C:\xampp\htdocs\EgCurrency\wp-content\plugins\elementor\core\base\document.php(1740): Elementor\Element_Base->print_element()
#26 C:\xampp\htdocs\EgCurrency\wp-content\plugins\elementor-pro\modules\theme-builder\documents\theme-document.php(414): Elementor\Core\Base\Document->print_elements(Array)
#27 C:\xampp\htdocs\EgCurrency\wp-content\plugins\elementor\includes\frontend.php(1165): ElementorPro\Modules\ThemeBuilder\Documents\Theme_Document->print_elements_with_wrapper(Array)
#28 C:\xampp\htdocs\EgCurrency\wp-content\plugins\elementor\core\base\document.php(1184): Elementor\Frontend->get_builder_content(5343, false)
#29 C:\xampp\htdocs\EgCurrency\wp-content\plugins\elementor\modules\library\documents\library-document.php(76): Elementor\Core\Base\Document->get_content(false)
#30 C:\xampp\htdocs\EgCurrency\wp-content\plugins\elementor-pro\modules\theme-builder\documents\theme-document.php(158): Elementor\Modules\Library\Documents\Library_Document->get_content(false)
#31 C:\xampp\htdocs\EgCurrency\wp-content\plugins\elementor-pro\modules\theme-builder\documents\theme-document.php(173): ElementorPro\Modules\ThemeBuilder\Documents\Theme_Document->get_content()
#32 C:\xampp\htdocs\EgCurrency\wp-content\plugins\elementor-pro\modules\theme-builder\documents\single-base.php(93): ElementorPro\Modules\ThemeBuilder\Documents\Theme_Document->print_content()
#33 C:\xampp\htdocs\EgCurrency\wp-content\plugins\elementor-pro\modules\theme-builder\classes\locations-manager.php(364): ElementorPro\Modules\ThemeBuilder\Documents\Single_Base->print_content()
#34 C:\xampp\htdocs\EgCurrency\wp-content\plugins\elementor-pro\modules\theme-builder\classes\locations-manager.php(240): ElementorPro\Modules\ThemeBuilder\Classes\Locations_Manager->do_location('single')
#35 [internal function]: ElementorPro\Modules\ThemeBuilder\Classes\Locations_Manager->ElementorPro\Modules\ThemeBuilder\Classes\{closure}()
#36 C:\xampp\htdocs\EgCurrency\wp-content\plugins\elementor\modules\page-templates\module.php(207): call_user_func(Object(Closure))
#37 C:\xampp\htdocs\EgCurrency\wp-content\themes\dt-the7\inc\mods\compatibility\elementor\page-templates\elementor-page.php(27): Elementor\Modules\PageTemplates\Module->print_content()
#38 C:\xampp\htdocs\EgCurrency\wp-includes\template-loader.php(106): include('C:\\xampp\\htdocs...')
#39 C:\xampp\htdocs\EgCurrency\wp-blog-header.php(19): require_once('C:\\xampp\\htdocs...')
#40 C:\xampp\htdocs\EgCurrency\index.php(17): require('C:\\xampp\\htdocs...')
#41 {main}
  thrown in C:\xampp\htdocs\EgCurrency\wp-content\plugins\currency-exchange-board\currency-exchange-board - with flag.php on line 127

2024-02-04T09:54:28+00:00 CRITICAL Uncaught TypeError: Illegal offset type in isset or empty in C:\xampp\htdocs\EgCurrency\wp-content\plugins\currency-exchange-board\currency-exchange-board - with flag.php:127
Stack trace:
#0 C:\xampp\htdocs\EgCurrency\wp-includes\shortcodes.php(433): display_currency_bank_exchange_board('', '', 'currency_bank_e...')
#1 [internal function]: do_shortcode_tag(Array)
#2 C:\xampp\htdocs\EgCurrency\wp-includes\shortcodes.php(273): preg_replace_callback('/\\[(\\[?)(curren...', 'do_shortcode_ta...', '[currency_bank_...')
#3 C:\xampp\htdocs\EgCurrency\wp-content\plugins\elementor\includes\widgets\shortcode.php(133): do_shortcode('[currency_bank_...')
#4 C:\xampp\htdocs\EgCurrency\wp-content\plugins\elementor\includes\base\controls-stack.php(2297): Elementor\Widget_Shortcode->render()
#5 C:\xampp\htdocs\EgCurrency\wp-content\plugins\elementor\includes\base\widget-base.php(614): Elementor\Controls_Stack->render_by_mode()
#6 C:\xampp\htdocs\EgCurrency\wp-content\plugins\elementor\includes\base\widget-base.php(755): Elementor\Widget_Base->render_content()
#7 C:\xampp\htdocs\EgCurrency\wp-content\plugins\elementor\includes\base\element-base.php(464): Elementor\Widget_Base->print_content()
#8 C:\xampp\htdocs\EgCurrency\wp-content\plugins\elementor\includes\base\element-base.php(1372): Elementor\Element_Base->print_element()
#9 C:\xampp\htdocs\EgCurrency\wp-content\plugins\elementor\includes\base\element-base.php(464): Elementor\Element_Base->print_content()
#10 C:\xampp\htdocs\EgCurrency\wp-content\plugins\elementor\includes\base\element-base.php(1372): Elementor\Element_Base->print_element()
#11 C:\xampp\htdocs\EgCurrency\wp-content\plugins\elementor\includes\base\element-base.php(464): Elementor\Element_Base->print_content()
#12 C:\xampp\htdocs\EgCurrency\wp-content\plugins\elementor\core\base\document.php(1740): Elementor\Element_Base->print_element()
#13 C:\xampp\htdocs\EgCurrency\wp-content\plugins\elementor\core\base\document.php(1139): Elementor\Core\Base\Document->print_elements(Array)
#14 C:\xampp\htdocs\EgCurrency\wp-content\plugins\elementor\includes\frontend.php(1165): Elementor\Core\Base\Document->print_elements_with_wrapper(Array)
#15 C:\xampp\htdocs\EgCurrency\wp-content\plugins\elementor-pro\modules\posts\skins\skin-content-base.php(271): Elementor\Frontend->get_builder_content(14671, false)
#16 C:\xampp\htdocs\EgCurrency\wp-content\plugins\elementor-pro\modules\theme-builder\widgets\post-content.php(111): ElementorPro\Modules\ThemeBuilder\Widgets\Post_Content->render_post_content(false, false)
#17 C:\xampp\htdocs\EgCurrency\wp-content\plugins\elementor\includes\base\controls-stack.php(2297): ElementorPro\Modules\ThemeBuilder\Widgets\Post_Content->render()
#18 C:\xampp\htdocs\EgCurrency\wp-content\plugins\elementor\includes\base\widget-base.php(614): Elementor\Controls_Stack->render_by_mode()
#19 C:\xampp\htdocs\EgCurrency\wp-content\plugins\elementor\includes\base\widget-base.php(755): Elementor\Widget_Base->render_content()
#20 C:\xampp\htdocs\EgCurrency\wp-content\plugins\elementor\includes\base\element-base.php(464): Elementor\Widget_Base->print_content()
#21 C:\xampp\htdocs\EgCurrency\wp-content\plugins\elementor\includes\base\element-base.php(1372): Elementor\Element_Base->print_element()
#22 C:\xampp\htdocs\EgCurrency\wp-content\plugins\elementor\includes\base\element-base.php(464): Elementor\Element_Base->print_content()
#23 C:\xampp\htdocs\EgCurrency\wp-content\plugins\elementor\includes\base\element-base.php(1372): Elementor\Element_Base->print_element()
#24 C:\xampp\htdocs\EgCurrency\wp-content\plugins\elementor\includes\base\element-base.php(464): Elementor\Element_Base->print_content()
#25 C:\xampp\htdocs\EgCurrency\wp-content\plugins\elementor\core\base\document.php(1740): Elementor\Element_Base->print_element()
#26 C:\xampp\htdocs\EgCurrency\wp-content\plugins\elementor-pro\modules\theme-builder\documents\theme-document.php(414): Elementor\Core\Base\Document->print_elements(Array)
#27 C:\xampp\htdocs\EgCurrency\wp-content\plugins\elementor\includes\frontend.php(1165): ElementorPro\Modules\ThemeBuilder\Documents\Theme_Document->print_elements_with_wrapper(Array)
#28 C:\xampp\htdocs\EgCurrency\wp-content\plugins\elementor\core\base\document.php(1184): Elementor\Frontend->get_builder_content(5343, false)
#29 C:\xampp\htdocs\EgCurrency\wp-content\plugins\elementor\modules\library\documents\library-document.php(76): Elementor\Core\Base\Document->get_content(false)
#30 C:\xampp\htdocs\EgCurrency\wp-content\plugins\elementor-pro\modules\theme-builder\documents\theme-document.php(158): Elementor\Modules\Library\Documents\Library_Document->get_content(false)
#31 C:\xampp\htdocs\EgCurrency\wp-content\plugins\elementor-pro\modules\theme-builder\documents\theme-document.php(173): ElementorPro\Modules\ThemeBuilder\Documents\Theme_Document->get_content()
#32 C:\xampp\htdocs\EgCurrency\wp-content\plugins\elementor-pro\modules\theme-builder\documents\single-base.php(93): ElementorPro\Modules\ThemeBuilder\Documents\Theme_Document->print_content()
#33 C:\xampp\htdocs\EgCurrency\wp-content\plugins\elementor-pro\modules\theme-builder\classes\locations-manager.php(364): ElementorPro\Modules\ThemeBuilder\Documents\Single_Base->print_content()
#34 C:\xampp\htdocs\EgCurrency\wp-content\plugins\elementor-pro\modules\theme-builder\classes\locations-manager.php(240): ElementorPro\Modules\ThemeBuilder\Classes\Locations_Manager->do_location('single')
#35 [internal function]: ElementorPro\Modules\ThemeBuilder\Classes\Locations_Manager->ElementorPro\Modules\ThemeBuilder\Classes\{closure}()
#36 C:\xampp\htdocs\EgCurrency\wp-content\plugins\elementor\modules\page-templates\module.php(207): call_user_func(Object(Closure))
#37 C:\xampp\htdocs\EgCurrency\wp-content\themes\dt-the7\inc\mods\compatibility\elementor\page-templates\elementor-page.php(27): Elementor\Modules\PageTemplates\Module->print_content()
#38 C:\xampp\htdocs\EgCurrency\wp-includes\template-loader.php(106): include('C:\\xampp\\htdocs...')
#39 C:\xampp\htdocs\EgCurrency\wp-blog-header.php(19): require_once('C:\\xampp\\htdocs...')
#40 C:\xampp\htdocs\EgCurrency\index.php(17): require('C:\\xampp\\htdocs...')
#41 {main}
  thrown in C:\xampp\htdocs\EgCurrency\wp-content\plugins\currency-exchange-board\currency-exchange-board - with flag.php on line 127

2024-02-04T09:55:11+00:00 CRITICAL Uncaught TypeError: Illegal offset type in isset or empty in C:\xampp\htdocs\EgCurrency\wp-content\plugins\currency-exchange-board\currency-exchange-board - with flag.php:127
Stack trace:
#0 C:\xampp\htdocs\EgCurrency\wp-includes\shortcodes.php(433): display_currency_bank_exchange_board('', '', 'currency_bank_e...')
#1 [internal function]: do_shortcode_tag(Array)
#2 C:\xampp\htdocs\EgCurrency\wp-includes\shortcodes.php(273): preg_replace_callback('/\\[(\\[?)(curren...', 'do_shortcode_ta...', '[currency_bank_...')
#3 C:\xampp\htdocs\EgCurrency\wp-content\plugins\elementor\includes\widgets\shortcode.php(133): do_shortcode('[currency_bank_...')
#4 C:\xampp\htdocs\EgCurrency\wp-content\plugins\elementor\includes\base\controls-stack.php(2297): Elementor\Widget_Shortcode->render()
#5 C:\xampp\htdocs\EgCurrency\wp-content\plugins\elementor\includes\base\widget-base.php(614): Elementor\Controls_Stack->render_by_mode()
#6 C:\xampp\htdocs\EgCurrency\wp-content\plugins\elementor\includes\base\widget-base.php(755): Elementor\Widget_Base->render_content()
#7 C:\xampp\htdocs\EgCurrency\wp-content\plugins\elementor\includes\base\element-base.php(464): Elementor\Widget_Base->print_content()
#8 C:\xampp\htdocs\EgCurrency\wp-content\plugins\elementor\includes\base\element-base.php(1372): Elementor\Element_Base->print_element()
#9 C:\xampp\htdocs\EgCurrency\wp-content\plugins\elementor\includes\base\element-base.php(464): Elementor\Element_Base->print_content()
#10 C:\xampp\htdocs\EgCurrency\wp-content\plugins\elementor\includes\base\element-base.php(1372): Elementor\Element_Base->print_element()
#11 C:\xampp\htdocs\EgCurrency\wp-content\plugins\elementor\includes\base\element-base.php(464): Elementor\Element_Base->print_content()
#12 C:\xampp\htdocs\EgCurrency\wp-content\plugins\elementor\core\base\document.php(1740): Elementor\Element_Base->print_element()
#13 C:\xampp\htdocs\EgCurrency\wp-content\plugins\elementor\core\base\document.php(1139): Elementor\Core\Base\Document->print_elements(Array)
#14 C:\xampp\htdocs\EgCurrency\wp-content\plugins\elementor\includes\frontend.php(1165): Elementor\Core\Base\Document->print_elements_with_wrapper(Array)
#15 C:\xampp\htdocs\EgCurrency\wp-content\plugins\elementor-pro\modules\posts\skins\skin-content-base.php(271): Elementor\Frontend->get_builder_content(14671, false)
#16 C:\xampp\htdocs\EgCurrency\wp-content\plugins\elementor-pro\modules\theme-builder\widgets\post-content.php(111): ElementorPro\Modules\ThemeBuilder\Widgets\Post_Content->render_post_content(false, false)
#17 C:\xampp\htdocs\EgCurrency\wp-content\plugins\elementor\includes\base\controls-stack.php(2297): ElementorPro\Modules\ThemeBuilder\Widgets\Post_Content->render()
#18 C:\xampp\htdocs\EgCurrency\wp-content\plugins\elementor\includes\base\widget-base.php(614): Elementor\Controls_Stack->render_by_mode()
#19 C:\xampp\htdocs\EgCurrency\wp-content\plugins\elementor\includes\base\widget-base.php(755): Elementor\Widget_Base->render_content()
#20 C:\xampp\htdocs\EgCurrency\wp-content\plugins\elementor\includes\base\element-base.php(464): Elementor\Widget_Base->print_content()
#21 C:\xampp\htdocs\EgCurrency\wp-content\plugins\elementor\includes\base\element-base.php(1372): Elementor\Element_Base->print_element()
#22 C:\xampp\htdocs\EgCurrency\wp-content\plugins\elementor\includes\base\element-base.php(464): Elementor\Element_Base->print_content()
#23 C:\xampp\htdocs\EgCurrency\wp-content\plugins\elementor\includes\base\element-base.php(1372): Elementor\Element_Base->print_element()
#24 C:\xampp\htdocs\EgCurrency\wp-content\plugins\elementor\includes\base\element-base.php(464): Elementor\Element_Base->print_content()
#25 C:\xampp\htdocs\EgCurrency\wp-content\plugins\elementor\core\base\document.php(1740): Elementor\Element_Base->print_element()
#26 C:\xampp\htdocs\EgCurrency\wp-content\plugins\elementor-pro\modules\theme-builder\documents\theme-document.php(414): Elementor\Core\Base\Document->print_elements(Array)
#27 C:\xampp\htdocs\EgCurrency\wp-content\plugins\elementor\includes\frontend.php(1165): ElementorPro\Modules\ThemeBuilder\Documents\Theme_Document->print_elements_with_wrapper(Array)
#28 C:\xampp\htdocs\EgCurrency\wp-content\plugins\elementor\core\base\document.php(1184): Elementor\Frontend->get_builder_content(5343, false)
#29 C:\xampp\htdocs\EgCurrency\wp-content\plugins\elementor\modules\library\documents\library-document.php(76): Elementor\Core\Base\Document->get_content(false)
#30 C:\xampp\htdocs\EgCurrency\wp-content\plugins\elementor-pro\modules\theme-builder\documents\theme-document.php(158): Elementor\Modules\Library\Documents\Library_Document->get_content(false)
#31 C:\xampp\htdocs\EgCurrency\wp-content\plugins\elementor-pro\modules\theme-builder\documents\theme-document.php(173): ElementorPro\Modules\ThemeBuilder\Documents\Theme_Document->get_content()
#32 C:\xampp\htdocs\EgCurrency\wp-content\plugins\elementor-pro\modules\theme-builder\documents\single-base.php(93): ElementorPro\Modules\ThemeBuilder\Documents\Theme_Document->print_content()
#33 C:\xampp\htdocs\EgCurrency\wp-content\plugins\elementor-pro\modules\theme-builder\classes\locations-manager.php(364): ElementorPro\Modules\ThemeBuilder\Documents\Single_Base->print_content()
#34 C:\xampp\htdocs\EgCurrency\wp-content\plugins\elementor-pro\modules\theme-builder\classes\locations-manager.php(240): ElementorPro\Modules\ThemeBuilder\Classes\Locations_Manager->do_location('single')
#35 [internal function]: ElementorPro\Modules\ThemeBuilder\Classes\Locations_Manager->ElementorPro\Modules\ThemeBuilder\Classes\{closure}()
#36 C:\xampp\htdocs\EgCurrency\wp-content\plugins\elementor\modules\page-templates\module.php(207): call_user_func(Object(Closure))
#37 C:\xampp\htdocs\EgCurrency\wp-content\themes\dt-the7\inc\mods\compatibility\elementor\page-templates\elementor-page.php(27): Elementor\Modules\PageTemplates\Module->print_content()
#38 C:\xampp\htdocs\EgCurrency\wp-includes\template-loader.php(106): include('C:\\xampp\\htdocs...')
#39 C:\xampp\htdocs\EgCurrency\wp-blog-header.php(19): require_once('C:\\xampp\\htdocs...')
#40 C:\xampp\htdocs\EgCurrency\index.php(17): require('C:\\xampp\\htdocs...')
#41 {main}
  thrown in C:\xampp\htdocs\EgCurrency\wp-content\plugins\currency-exchange-board\currency-exchange-board - with flag.php on line 127

2024-02-04T09:55:35+00:00 CRITICAL Uncaught TypeError: Cannot access offset of type string on string in C:\xampp\htdocs\EgCurrency\wp-content\plugins\currency-exchange-board\currency-exchange-board - with flag.php:135
Stack trace:
#0 C:\xampp\htdocs\EgCurrency\wp-includes\shortcodes.php(433): display_currency_bank_exchange_board('', '', 'currency_bank_e...')
#1 [internal function]: do_shortcode_tag(Array)
#2 C:\xampp\htdocs\EgCurrency\wp-includes\shortcodes.php(273): preg_replace_callback('/\\[(\\[?)(curren...', 'do_shortcode_ta...', '[currency_bank_...')
#3 C:\xampp\htdocs\EgCurrency\wp-content\plugins\elementor\includes\widgets\shortcode.php(133): do_shortcode('[currency_bank_...')
#4 C:\xampp\htdocs\EgCurrency\wp-content\plugins\elementor\includes\base\controls-stack.php(2297): Elementor\Widget_Shortcode->render()
#5 C:\xampp\htdocs\EgCurrency\wp-content\plugins\elementor\includes\base\widget-base.php(614): Elementor\Controls_Stack->render_by_mode()
#6 C:\xampp\htdocs\EgCurrency\wp-content\plugins\elementor\includes\base\widget-base.php(755): Elementor\Widget_Base->render_content()
#7 C:\xampp\htdocs\EgCurrency\wp-content\plugins\elementor\includes\base\element-base.php(464): Elementor\Widget_Base->print_content()
#8 C:\xampp\htdocs\EgCurrency\wp-content\plugins\elementor\includes\base\element-base.php(1372): Elementor\Element_Base->print_element()
#9 C:\xampp\htdocs\EgCurrency\wp-content\plugins\elementor\includes\base\element-base.php(464): Elementor\Element_Base->print_content()
#10 C:\xampp\htdocs\EgCurrency\wp-content\plugins\elementor\includes\base\element-base.php(1372): Elementor\Element_Base->print_element()
#11 C:\xampp\htdocs\EgCurrency\wp-content\plugins\elementor\includes\base\element-base.php(464): Elementor\Element_Base->print_content()
#12 C:\xampp\htdocs\EgCurrency\wp-content\plugins\elementor\core\base\document.php(1740): Elementor\Element_Base->print_element()
#13 C:\xampp\htdocs\EgCurrency\wp-content\plugins\elementor\core\base\document.php(1139): Elementor\Core\Base\Document->print_elements(Array)
#14 C:\xampp\htdocs\EgCurrency\wp-content\plugins\elementor\includes\frontend.php(1165): Elementor\Core\Base\Document->print_elements_with_wrapper(Array)
#15 C:\xampp\htdocs\EgCurrency\wp-content\plugins\elementor-pro\modules\posts\skins\skin-content-base.php(271): Elementor\Frontend->get_builder_content(14671, false)
#16 C:\xampp\htdocs\EgCurrency\wp-content\plugins\elementor-pro\modules\theme-builder\widgets\post-content.php(111): ElementorPro\Modules\ThemeBuilder\Widgets\Post_Content->render_post_content(false, false)
#17 C:\xampp\htdocs\EgCurrency\wp-content\plugins\elementor\includes\base\controls-stack.php(2297): ElementorPro\Modules\ThemeBuilder\Widgets\Post_Content->render()
#18 C:\xampp\htdocs\EgCurrency\wp-content\plugins\elementor\includes\base\widget-base.php(614): Elementor\Controls_Stack->render_by_mode()
#19 C:\xampp\htdocs\EgCurrency\wp-content\plugins\elementor\includes\base\widget-base.php(755): Elementor\Widget_Base->render_content()
#20 C:\xampp\htdocs\EgCurrency\wp-content\plugins\elementor\includes\base\element-base.php(464): Elementor\Widget_Base->print_content()
#21 C:\xampp\htdocs\EgCurrency\wp-content\plugins\elementor\includes\base\element-base.php(1372): Elementor\Element_Base->print_element()
#22 C:\xampp\htdocs\EgCurrency\wp-content\plugins\elementor\includes\base\element-base.php(464): Elementor\Element_Base->print_content()
#23 C:\xampp\htdocs\EgCurrency\wp-content\plugins\elementor\includes\base\element-base.php(1372): Elementor\Element_Base->print_element()
#24 C:\xampp\htdocs\EgCurrency\wp-content\plugins\elementor\includes\base\element-base.php(464): Elementor\Element_Base->print_content()
#25 C:\xampp\htdocs\EgCurrency\wp-content\plugins\elementor\core\base\document.php(1740): Elementor\Element_Base->print_element()
#26 C:\xampp\htdocs\EgCurrency\wp-content\plugins\elementor-pro\modules\theme-builder\documents\theme-document.php(414): Elementor\Core\Base\Document->print_elements(Array)
#27 C:\xampp\htdocs\EgCurrency\wp-content\plugins\elementor\includes\frontend.php(1165): ElementorPro\Modules\ThemeBuilder\Documents\Theme_Document->print_elements_with_wrapper(Array)
#28 C:\xampp\htdocs\EgCurrency\wp-content\plugins\elementor\core\base\document.php(1184): Elementor\Frontend->get_builder_content(5343, false)
#29 C:\xampp\htdocs\EgCurrency\wp-content\plugins\elementor\modules\library\documents\library-document.php(76): Elementor\Core\Base\Document->get_content(false)
#30 C:\xampp\htdocs\EgCurrency\wp-content\plugins\elementor-pro\modules\theme-builder\documents\theme-document.php(158): Elementor\Modules\Library\Documents\Library_Document->get_content(false)
#31 C:\xampp\htdocs\EgCurrency\wp-content\plugins\elementor-pro\modules\theme-builder\documents\theme-document.php(173): ElementorPro\Modules\ThemeBuilder\Documents\Theme_Document->get_content()
#32 C:\xampp\htdocs\EgCurrency\wp-content\plugins\elementor-pro\modules\theme-builder\documents\single-base.php(93): ElementorPro\Modules\ThemeBuilder\Documents\Theme_Document->print_content()
#33 C:\xampp\htdocs\EgCurrency\wp-content\plugins\elementor-pro\modules\theme-builder\classes\locations-manager.php(364): ElementorPro\Modules\ThemeBuilder\Documents\Single_Base->print_content()
#34 C:\xampp\htdocs\EgCurrency\wp-content\plugins\elementor-pro\modules\theme-builder\classes\locations-manager.php(240): ElementorPro\Modules\ThemeBuilder\Classes\Locations_Manager->do_location('single')
#35 [internal function]: ElementorPro\Modules\ThemeBuilder\Classes\Locations_Manager->ElementorPro\Modules\ThemeBuilder\Classes\{closure}()
#36 C:\xampp\htdocs\EgCurrency\wp-content\plugins\elementor\modules\page-templates\module.php(207): call_user_func(Object(Closure))
#37 C:\xampp\htdocs\EgCurrency\wp-content\themes\dt-the7\inc\mods\compatibility\elementor\page-templates\elementor-page.php(27): Elementor\Modules\PageTemplates\Module->print_content()
#38 C:\xampp\htdocs\EgCurrency\wp-includes\template-loader.php(106): include('C:\\xampp\\htdocs...')
#39 C:\xampp\htdocs\EgCurrency\wp-blog-header.php(19): require_once('C:\\xampp\\htdocs...')
#40 C:\xampp\htdocs\EgCurrency\index.php(17): require('C:\\xampp\\htdocs...')
#41 {main}
  thrown in C:\xampp\htdocs\EgCurrency\wp-content\plugins\currency-exchange-board\currency-exchange-board - with flag.php on line 135

2024-02-04T09:56:51+00:00 CRITICAL Uncaught TypeError: Illegal offset type in isset or empty in C:\xampp\htdocs\EgCurrency\wp-content\plugins\currency-exchange-board\currency-exchange-board - with flag.php:127
Stack trace:
#0 C:\xampp\htdocs\EgCurrency\wp-includes\shortcodes.php(433): display_currency_bank_exchange_board('', '', 'currency_bank_e...')
#1 [internal function]: do_shortcode_tag(Array)
#2 C:\xampp\htdocs\EgCurrency\wp-includes\shortcodes.php(273): preg_replace_callback('/\\[(\\[?)(curren...', 'do_shortcode_ta...', '[currency_bank_...')
#3 C:\xampp\htdocs\EgCurrency\wp-content\plugins\elementor\includes\widgets\shortcode.php(133): do_shortcode('[currency_bank_...')
#4 C:\xampp\htdocs\EgCurrency\wp-content\plugins\elementor\includes\base\controls-stack.php(2297): Elementor\Widget_Shortcode->render()
#5 C:\xampp\htdocs\EgCurrency\wp-content\plugins\elementor\includes\base\widget-base.php(614): Elementor\Controls_Stack->render_by_mode()
#6 C:\xampp\htdocs\EgCurrency\wp-content\plugins\elementor\includes\base\widget-base.php(755): Elementor\Widget_Base->render_content()
#7 C:\xampp\htdocs\EgCurrency\wp-content\plugins\elementor\includes\base\element-base.php(464): Elementor\Widget_Base->print_content()
#8 C:\xampp\htdocs\EgCurrency\wp-content\plugins\elementor\includes\base\element-base.php(1372): Elementor\Element_Base->print_element()
#9 C:\xampp\htdocs\EgCurrency\wp-content\plugins\elementor\includes\base\element-base.php(464): Elementor\Element_Base->print_content()
#10 C:\xampp\htdocs\EgCurrency\wp-content\plugins\elementor\includes\base\element-base.php(1372): Elementor\Element_Base->print_element()
#11 C:\xampp\htdocs\EgCurrency\wp-content\plugins\elementor\includes\base\element-base.php(464): Elementor\Element_Base->print_content()
#12 C:\xampp\htdocs\EgCurrency\wp-content\plugins\elementor\core\base\document.php(1740): Elementor\Element_Base->print_element()
#13 C:\xampp\htdocs\EgCurrency\wp-content\plugins\elementor\core\base\document.php(1139): Elementor\Core\Base\Document->print_elements(Array)
#14 C:\xampp\htdocs\EgCurrency\wp-content\plugins\elementor\includes\frontend.php(1165): Elementor\Core\Base\Document->print_elements_with_wrapper(Array)
#15 C:\xampp\htdocs\EgCurrency\wp-content\plugins\elementor-pro\modules\posts\skins\skin-content-base.php(271): Elementor\Frontend->get_builder_content(14671, false)
#16 C:\xampp\htdocs\EgCurrency\wp-content\plugins\elementor-pro\modules\theme-builder\widgets\post-content.php(111): ElementorPro\Modules\ThemeBuilder\Widgets\Post_Content->render_post_content(false, false)
#17 C:\xampp\htdocs\EgCurrency\wp-content\plugins\elementor\includes\base\controls-stack.php(2297): ElementorPro\Modules\ThemeBuilder\Widgets\Post_Content->render()
#18 C:\xampp\htdocs\EgCurrency\wp-content\plugins\elementor\includes\base\widget-base.php(614): Elementor\Controls_Stack->render_by_mode()
#19 C:\xampp\htdocs\EgCurrency\wp-content\plugins\elementor\includes\base\widget-base.php(755): Elementor\Widget_Base->render_content()
#20 C:\xampp\htdocs\EgCurrency\wp-content\plugins\elementor\includes\base\element-base.php(464): Elementor\Widget_Base->print_content()
#21 C:\xampp\htdocs\EgCurrency\wp-content\plugins\elementor\includes\base\element-base.php(1372): Elementor\Element_Base->print_element()
#22 C:\xampp\htdocs\EgCurrency\wp-content\plugins\elementor\includes\base\element-base.php(464): Elementor\Element_Base->print_content()
#23 C:\xampp\htdocs\EgCurrency\wp-content\plugins\elementor\includes\base\element-base.php(1372): Elementor\Element_Base->print_element()
#24 C:\xampp\htdocs\EgCurrency\wp-content\plugins\elementor\includes\base\element-base.php(464): Elementor\Element_Base->print_content()
#25 C:\xampp\htdocs\EgCurrency\wp-content\plugins\elementor\core\base\document.php(1740): Elementor\Element_Base->print_element()
#26 C:\xampp\htdocs\EgCurrency\wp-content\plugins\elementor-pro\modules\theme-builder\documents\theme-document.php(414): Elementor\Core\Base\Document->print_elements(Array)
#27 C:\xampp\htdocs\EgCurrency\wp-content\plugins\elementor\includes\frontend.php(1165): ElementorPro\Modules\ThemeBuilder\Documents\Theme_Document->print_elements_with_wrapper(Array)
#28 C:\xampp\htdocs\EgCurrency\wp-content\plugins\elementor\core\base\document.php(1184): Elementor\Frontend->get_builder_content(5343, false)
#29 C:\xampp\htdocs\EgCurrency\wp-content\plugins\elementor\modules\library\documents\library-document.php(76): Elementor\Core\Base\Document->get_content(false)
#30 C:\xampp\htdocs\EgCurrency\wp-content\plugins\elementor-pro\modules\theme-builder\documents\theme-document.php(158): Elementor\Modules\Library\Documents\Library_Document->get_content(false)
#31 C:\xampp\htdocs\EgCurrency\wp-content\plugins\elementor-pro\modules\theme-builder\documents\theme-document.php(173): ElementorPro\Modules\ThemeBuilder\Documents\Theme_Document->get_content()
#32 C:\xampp\htdocs\EgCurrency\wp-content\plugins\elementor-pro\modules\theme-builder\documents\single-base.php(93): ElementorPro\Modules\ThemeBuilder\Documents\Theme_Document->print_content()
#33 C:\xampp\htdocs\EgCurrency\wp-content\plugins\elementor-pro\modules\theme-builder\classes\locations-manager.php(364): ElementorPro\Modules\ThemeBuilder\Documents\Single_Base->print_content()
#34 C:\xampp\htdocs\EgCurrency\wp-content\plugins\elementor-pro\modules\theme-builder\classes\locations-manager.php(240): ElementorPro\Modules\ThemeBuilder\Classes\Locations_Manager->do_location('single')
#35 [internal function]: ElementorPro\Modules\ThemeBuilder\Classes\Locations_Manager->ElementorPro\Modules\ThemeBuilder\Classes\{closure}()
#36 C:\xampp\htdocs\EgCurrency\wp-content\plugins\elementor\modules\page-templates\module.php(207): call_user_func(Object(Closure))
#37 C:\xampp\htdocs\EgCurrency\wp-content\themes\dt-the7\inc\mods\compatibility\elementor\page-templates\elementor-page.php(27): Elementor\Modules\PageTemplates\Module->print_content()
#38 C:\xampp\htdocs\EgCurrency\wp-includes\template-loader.php(106): include('C:\\xampp\\htdocs...')
#39 C:\xampp\htdocs\EgCurrency\wp-blog-header.php(19): require_once('C:\\xampp\\htdocs...')
#40 C:\xampp\htdocs\EgCurrency\index.php(17): require('C:\\xampp\\htdocs...')
#41 {main}
  thrown in C:\xampp\htdocs\EgCurrency\wp-content\plugins\currency-exchange-board\currency-exchange-board - with flag.php on line 127

2024-02-04T09:58:21+00:00 CRITICAL Uncaught TypeError: Illegal offset type in isset or empty in C:\xampp\htdocs\EgCurrency\wp-content\plugins\currency-exchange-board\currency-exchange-board - with flag.php:127
Stack trace:
#0 C:\xampp\htdocs\EgCurrency\wp-includes\shortcodes.php(433): display_currency_bank_exchange_board('', '', 'currency_bank_e...')
#1 [internal function]: do_shortcode_tag(Array)
#2 C:\xampp\htdocs\EgCurrency\wp-includes\shortcodes.php(273): preg_replace_callback('/\\[(\\[?)(curren...', 'do_shortcode_ta...', '[currency_bank_...')
#3 C:\xampp\htdocs\EgCurrency\wp-content\plugins\elementor\includes\widgets\shortcode.php(133): do_shortcode('[currency_bank_...')
#4 C:\xampp\htdocs\EgCurrency\wp-content\plugins\elementor\includes\base\controls-stack.php(2297): Elementor\Widget_Shortcode->render()
#5 C:\xampp\htdocs\EgCurrency\wp-content\plugins\elementor\includes\base\widget-base.php(614): Elementor\Controls_Stack->render_by_mode()
#6 C:\xampp\htdocs\EgCurrency\wp-content\plugins\elementor\includes\base\widget-base.php(755): Elementor\Widget_Base->render_content()
#7 C:\xampp\htdocs\EgCurrency\wp-content\plugins\elementor\includes\base\element-base.php(464): Elementor\Widget_Base->print_content()
#8 C:\xampp\htdocs\EgCurrency\wp-content\plugins\elementor\includes\base\element-base.php(1372): Elementor\Element_Base->print_element()
#9 C:\xampp\htdocs\EgCurrency\wp-content\plugins\elementor\includes\base\element-base.php(464): Elementor\Element_Base->print_content()
#10 C:\xampp\htdocs\EgCurrency\wp-content\plugins\elementor\includes\base\element-base.php(1372): Elementor\Element_Base->print_element()
#11 C:\xampp\htdocs\EgCurrency\wp-content\plugins\elementor\includes\base\element-base.php(464): Elementor\Element_Base->print_content()
#12 C:\xampp\htdocs\EgCurrency\wp-content\plugins\elementor\core\base\document.php(1740): Elementor\Element_Base->print_element()
#13 C:\xampp\htdocs\EgCurrency\wp-content\plugins\elementor\core\base\document.php(1139): Elementor\Core\Base\Document->print_elements(Array)
#14 C:\xampp\htdocs\EgCurrency\wp-content\plugins\elementor\includes\frontend.php(1165): Elementor\Core\Base\Document->print_elements_with_wrapper(Array)
#15 C:\xampp\htdocs\EgCurrency\wp-content\plugins\elementor-pro\modules\posts\skins\skin-content-base.php(271): Elementor\Frontend->get_builder_content(14671, false)
#16 C:\xampp\htdocs\EgCurrency\wp-content\plugins\elementor-pro\modules\theme-builder\widgets\post-content.php(111): ElementorPro\Modules\ThemeBuilder\Widgets\Post_Content->render_post_content(false, false)
#17 C:\xampp\htdocs\EgCurrency\wp-content\plugins\elementor\includes\base\controls-stack.php(2297): ElementorPro\Modules\ThemeBuilder\Widgets\Post_Content->render()
#18 C:\xampp\htdocs\EgCurrency\wp-content\plugins\elementor\includes\base\widget-base.php(614): Elementor\Controls_Stack->render_by_mode()
#19 C:\xampp\htdocs\EgCurrency\wp-content\plugins\elementor\includes\base\widget-base.php(755): Elementor\Widget_Base->render_content()
#20 C:\xampp\htdocs\EgCurrency\wp-content\plugins\elementor\includes\base\element-base.php(464): Elementor\Widget_Base->print_content()
#21 C:\xampp\htdocs\EgCurrency\wp-content\plugins\elementor\includes\base\element-base.php(1372): Elementor\Element_Base->print_element()
#22 C:\xampp\htdocs\EgCurrency\wp-content\plugins\elementor\includes\base\element-base.php(464): Elementor\Element_Base->print_content()
#23 C:\xampp\htdocs\EgCurrency\wp-content\plugins\elementor\includes\base\element-base.php(1372): Elementor\Element_Base->print_element()
#24 C:\xampp\htdocs\EgCurrency\wp-content\plugins\elementor\includes\base\element-base.php(464): Elementor\Element_Base->print_content()
#25 C:\xampp\htdocs\EgCurrency\wp-content\plugins\elementor\core\base\document.php(1740): Elementor\Element_Base->print_element()
#26 C:\xampp\htdocs\EgCurrency\wp-content\plugins\elementor-pro\modules\theme-builder\documents\theme-document.php(414): Elementor\Core\Base\Document->print_elements(Array)
#27 C:\xampp\htdocs\EgCurrency\wp-content\plugins\elementor\includes\frontend.php(1165): ElementorPro\Modules\ThemeBuilder\Documents\Theme_Document->print_elements_with_wrapper(Array)
#28 C:\xampp\htdocs\EgCurrency\wp-content\plugins\elementor\core\base\document.php(1184): Elementor\Frontend->get_builder_content(5343, false)
#29 C:\xampp\htdocs\EgCurrency\wp-content\plugins\elementor\modules\library\documents\library-document.php(76): Elementor\Core\Base\Document->get_content(false)
#30 C:\xampp\htdocs\EgCurrency\wp-content\plugins\elementor-pro\modules\theme-builder\documents\theme-document.php(158): Elementor\Modules\Library\Documents\Library_Document->get_content(false)
#31 C:\xampp\htdocs\EgCurrency\wp-content\plugins\elementor-pro\modules\theme-builder\documents\theme-document.php(173): ElementorPro\Modules\ThemeBuilder\Documents\Theme_Document->get_content()
#32 C:\xampp\htdocs\EgCurrency\wp-content\plugins\elementor-pro\modules\theme-builder\documents\single-base.php(93): ElementorPro\Modules\ThemeBuilder\Documents\Theme_Document->print_content()
#33 C:\xampp\htdocs\EgCurrency\wp-content\plugins\elementor-pro\modules\theme-builder\classes\locations-manager.php(364): ElementorPro\Modules\ThemeBuilder\Documents\Single_Base->print_content()
#34 C:\xampp\htdocs\EgCurrency\wp-content\plugins\elementor-pro\modules\theme-builder\classes\locations-manager.php(240): ElementorPro\Modules\ThemeBuilder\Classes\Locations_Manager->do_location('single')
#35 [internal function]: ElementorPro\Modules\ThemeBuilder\Classes\Locations_Manager->ElementorPro\Modules\ThemeBuilder\Classes\{closure}()
#36 C:\xampp\htdocs\EgCurrency\wp-content\plugins\elementor\modules\page-templates\module.php(207): call_user_func(Object(Closure))
#37 C:\xampp\htdocs\EgCurrency\wp-content\themes\dt-the7\inc\mods\compatibility\elementor\page-templates\elementor-page.php(27): Elementor\Modules\PageTemplates\Module->print_content()
#38 C:\xampp\htdocs\EgCurrency\wp-includes\template-loader.php(106): include('C:\\xampp\\htdocs...')
#39 C:\xampp\htdocs\EgCurrency\wp-blog-header.php(19): require_once('C:\\xampp\\htdocs...')
#40 C:\xampp\htdocs\EgCurrency\index.php(17): require('C:\\xampp\\htdocs...')
#41 {main}
  thrown in C:\xampp\htdocs\EgCurrency\wp-content\plugins\currency-exchange-board\currency-exchange-board - with flag.php on line 127

