2024-02-15T05:29:55+00:00 CRITICAL Uncaught TypeError: Unsupported operand types: array + float in C:\xampp\htdocs\EgCurrency\wp-content\plugins\currency-exchange-board\currency-exchange-board - with flag.php:177
Stack trace:
#0 C:\xampp\htdocs\EgCurrency\wp-content\plugins\currency-exchange-board\currency-exchange-board - with flag.php(92): get_currency_exchange_rates_buy()
#1 C:\xampp\htdocs\EgCurrency\wp-includes\shortcodes.php(433): display_currency_bank_exchange_board('', '', 'currency_bank_e...')
#2 [internal function]: do_shortcode_tag(Array)
#3 C:\xampp\htdocs\EgCurrency\wp-includes\shortcodes.php(273): preg_replace_callback('/\\[(\\[?)(curren...', 'do_shortcode_ta...', '[currency_bank_...')
#4 C:\xampp\htdocs\EgCurrency\wp-content\plugins\elementor\includes\widgets\shortcode.php(133): do_shortcode('[currency_bank_...')
#5 C:\xampp\htdocs\EgCurrency\wp-content\plugins\elementor\includes\base\controls-stack.php(2297): Elementor\Widget_Shortcode->render()
#6 C:\xampp\htdocs\EgCurrency\wp-content\plugins\elementor\includes\base\widget-base.php(614): Elementor\Controls_Stack->render_by_mode()
#7 C:\xampp\htdocs\EgCurrency\wp-content\plugins\elementor\includes\base\widget-base.php(755): Elementor\Widget_Base->render_content()
#8 C:\xampp\htdocs\EgCurrency\wp-content\plugins\elementor\includes\base\element-base.php(464): Elementor\Widget_Base->print_content()
#9 C:\xampp\htdocs\EgCurrency\wp-content\plugins\elementor\includes\base\element-base.php(1372): Elementor\Element_Base->print_element()
#10 C:\xampp\htdocs\EgCurrency\wp-content\plugins\elementor\includes\base\element-base.php(464): Elementor\Element_Base->print_content()
#11 C:\xampp\htdocs\EgCurrency\wp-content\plugins\elementor\includes\base\element-base.php(1372): Elementor\Element_Base->print_element()
#12 C:\xampp\htdocs\EgCurrency\wp-content\plugins\elementor\includes\base\element-base.php(464): Elementor\Element_Base->print_content()
#13 C:\xampp\htdocs\EgCurrency\wp-content\plugins\elementor\includes\base\element-base.php(1372): Elementor\Element_Base->print_element()
#14 C:\xampp\htdocs\EgCurrency\wp-content\plugins\elementor\includes\base\element-base.php(464): Elementor\Element_Base->print_content()
#15 C:\xampp\htdocs\EgCurrency\wp-content\plugins\elementor\includes\base\element-base.php(1372): Elementor\Element_Base->print_element()
#16 C:\xampp\htdocs\EgCurrency\wp-content\plugins\elementor\includes\base\element-base.php(464): Elementor\Element_Base->print_content()
#17 C:\xampp\htdocs\EgCurrency\wp-content\plugins\elementor\core\base\document.php(1740): Elementor\Element_Base->print_element()
#18 C:\xampp\htdocs\EgCurrency\wp-content\plugins\elementor\core\base\document.php(1139): Elementor\Core\Base\Document->print_elements(Array)
#19 C:\xampp\htdocs\EgCurrency\wp-content\plugins\elementor\includes\frontend.php(1165): Elementor\Core\Base\Document->print_elements_with_wrapper(Array)
#20 C:\xampp\htdocs\EgCurrency\wp-content\plugins\elementor\includes\frontend.php(1060): Elementor\Frontend->get_builder_content(9728)
#21 C:\xampp\htdocs\EgCurrency\wp-includes\class-wp-hook.php(324): Elementor\Frontend->apply_builder_in_content('<a >\t\t\t\t\t\t\t\t\t\t\n...')
#22 C:\xampp\htdocs\EgCurrency\wp-includes\plugin.php(205): WP_Hook->apply_filters('<a >\t\t\t\t\t\t\t\t\t\t\n...', Array)
#23 C:\xampp\htdocs\EgCurrency\wp-includes\post-template.php(256): apply_filters('the_content', '<a >\t\t\t\t\t\t\t\t\t\t\n...')
#24 C:\xampp\htdocs\EgCurrency\wp-content\plugins\elementor\modules\page-templates\module.php(190): the_content()
#25 [internal function]: Elementor\Modules\PageTemplates\Module->print_callback()
#26 C:\xampp\htdocs\EgCurrency\wp-content\plugins\elementor\modules\page-templates\module.php(207): call_user_func(Array)
#27 C:\xampp\htdocs\EgCurrency\wp-content\themes\dt-the7\inc\mods\compatibility\elementor\page-templates\elementor-page.php(27): Elementor\Modules\PageTemplates\Module->print_content()
#28 C:\xampp\htdocs\EgCurrency\wp-includes\template-loader.php(106): include('C:\\xampp\\htdocs...')
#29 C:\xampp\htdocs\EgCurrency\wp-blog-header.php(19): require_once('C:\\xampp\\htdocs...')
#30 C:\xampp\htdocs\EgCurrency\index.php(17): require('C:\\xampp\\htdocs...')
#31 {main}
  thrown in C:\xampp\htdocs\EgCurrency\wp-content\plugins\currency-exchange-board\currency-exchange-board - with flag.php on line 177

